<?xml version="1.0" encoding="UTF-8"?>
<!-- Generated by org.testng.reporters.JUnitReportReporter -->
<testsuite hostname="DESKTOP-CIHR3KA" failures="0" tests="2" name="FirstProject.SeleniumTest" time="0.013" errors="0" timestamp="2021-10-22T14:12:26 EDT" skipped="0">
  <testcase classname="FirstProject.SeleniumTest" name="SeleniumLogout" time="0.004"/>
  <system-out/>
  <testcase classname="FirstProject.SeleniumTest" name="SeleniumLogin" time="0.009"/>
  <system-out/>
</testsuite> <!-- FirstProject.SeleniumTest -->
