<?xml version="1.0" encoding="UTF-8"?>
<!-- Generated by org.testng.reporters.JUnitReportReporter -->
<testsuite hostname="DESKTOP-CIHR3KA" failures="0" tests="2" name="FirstProject.RestAPITest" time="0.003" errors="0" timestamp="2021-10-22T14:12:26 EDT" skipped="0">
  <testcase classname="FirstProject.RestAPITest" name="RestAPILogout" time="0.002"/>
  <system-out/>
  <testcase classname="FirstProject.RestAPITest" name="RestAPILogin" time="0.001"/>
  <system-out/>
</testsuite> <!-- FirstProject.RestAPITest -->
