<?xml version="1.0" encoding="UTF-8"?>
<!-- Generated by org.testng.reporters.JUnitReportReporter -->
<testsuite hostname="DESKTOP-CIHR3KA" failures="0" tests="2" name="FirstProject.AppiumTest" time="0.004" errors="0" timestamp="2021-12-12T13:47:36 EST" skipped="0">
  <testcase classname="FirstProject.AppiumTest" name="AppiumLogout" time="0.002"/>
  <system-out/>
  <testcase classname="FirstProject.AppiumTest" name="AppiumLogin" time="0.002"/>
  <system-out/>
</testsuite> <!-- FirstProject.AppiumTest -->
