<?xml version="1.0" encoding="UTF-8"?>
<!-- Generated by org.testng.reporters.JUnitReportReporter -->
<testsuite hostname="DESKTOP-CIHR3KA" failures="0" tests="2" name="FirstProject.RestAPITest" time="0.000" errors="0" timestamp="2021-10-22T14:21:37 EDT" skipped="0">
  <testcase classname="FirstProject.RestAPITest" name="RestAPILogin" time="0.000"/>
  <system-out/>
  <testcase classname="FirstProject.RestAPITest" name="RestAPILogout" time="0.000"/>
  <system-out/>
</testsuite> <!-- FirstProject.RestAPITest -->
